e:\cocos\final\proj.win32\debug.win32\crunner.obj
e:\cocos\final\proj.win32\debug.win32\cbag.obj
e:\cocos\final\proj.win32\debug.win32\citem.obj
e:\cocos\final\proj.win32\debug.win32\cplayer.obj
e:\cocos\final\proj.win32\debug.win32\xmlitems.obj
e:\cocos\final\proj.win32\debug.win32\mainscene.obj
e:\cocos\final\proj.win32\debug.win32\cobstacle.obj
e:\cocos\final\proj.win32\debug.win32\cbox.obj
e:\cocos\final\proj.win32\debug.win32\cbutton.obj
e:\cocos\final\proj.win32\debug.win32\cmix.obj
e:\cocos\final\proj.win32\debug.win32\xmlscene.obj
e:\cocos\final\proj.win32\debug.win32\selectionscene.obj
e:\cocos\final\proj.win32\debug.win32\cfall.obj
e:\cocos\final\proj.win32\debug.win32\appdelegate.obj
e:\cocos\final\proj.win32\debug.win32\clightbox.obj
e:\cocos\final\proj.win32\debug.win32\ctrigger.obj
e:\cocos\final\proj.win32\debug.win32\xmltrigger.obj
e:\cocos\final\proj.win32\debug.win32\kitchenscene.obj
e:\cocos\final\proj.win32\debug.win32\cobject.obj
e:\cocos\final\proj.win32\debug.win32\runscene1.obj
e:\cocos\final\proj.win32\debug.win32\clock.obj
e:\cocos\final\proj.win32\debug.win32\xmlbag .obj
e:\cocos\final\proj.win32\debug.win32\labscene.obj
e:\cocos\final\proj.win32\debug.win32\main.obj
e:\cocos\final\proj.win32\debug.win32\vc140.pdb
e:\cocos\final\proj.win32\debug.win32\final.lib
e:\cocos\final\proj.win32\debug.win32\final.exp
e:\cocos\final\proj.win32\debug.win32\final.ilk
e:\cocos\final\proj.win32\debug.win32\final.exe
e:\cocos\final\proj.win32\debug.win32\final.pdb
e:\cocos\final\proj.win32\debug.win32\game.res
e:\cocos\final\proj.win32\debug.win32\vc140.idb
e:\cocos\final\proj.win32\debug.win32\final.tlog\cl.command.1.tlog
e:\cocos\final\proj.win32\debug.win32\final.tlog\cl.read.1.tlog
e:\cocos\final\proj.win32\debug.win32\final.tlog\cl.write.1.tlog
e:\cocos\final\proj.win32\debug.win32\final.tlog\final.write.1u.tlog
e:\cocos\final\proj.win32\debug.win32\final.tlog\link.command.1.tlog
e:\cocos\final\proj.win32\debug.win32\final.tlog\link.read.1.tlog
e:\cocos\final\proj.win32\debug.win32\final.tlog\link.write.1.tlog
e:\cocos\final\proj.win32\debug.win32\final.tlog\rc.command.1.tlog
e:\cocos\final\proj.win32\debug.win32\final.tlog\rc.read.1.tlog
e:\cocos\final\proj.win32\debug.win32\final.tlog\rc.write.1.tlog
